Compiled Ruleset @602 
Compiled Rule 
	--atommatch:
		spec           [2, 2]
	--memmatch:
		spec           [1, 1]
		jump           [L184, [0], [], []]
	--guard:L184:
		spec           [1, 1]
		jump           [L177, [0], [], []]
	--body:L177:
		spec           [1, 41]
		commit         [null, 0]
		loadruleset    [0, @601]
		newatom     [1, 0, 1_1]
		newatom     [2, 0, 2_1]
		newatom     [3, 0, 3_1]
		newatom     [4, 0, 'n'_1]
		newatom     [5, 0, 'c'_3]
		newatom     [6, 0, 'c'_3]
		newatom     [7, 0, 'c'_3]
		newatom     [8, 0, 4_1]
		newatom     [9, 0, 5_1]
		newatom    [10, 0, 'n'_1]
		newatom    [11, 0, 'c'_3]
		newatom    [12, 0, 'c'_3]
		newatom    [13, 0, 'result'_1]
		newatom    [14, 0, 'append'_3]
		alloclink  [15, 1, 0]
		alloclink  [16, 2, 0]
		alloclink  [17, 3, 0]
		alloclink  [18, 4, 0]
		alloclink  [19, 5, 0]
		alloclink  [20, 5, 1]
		alloclink  [21, 5, 2]
		alloclink  [22, 6, 0]
		alloclink  [23, 6, 1]
		alloclink  [24, 6, 2]
		alloclink  [25, 7, 0]
		alloclink  [26, 7, 1]
		alloclink  [27, 7, 2]
		alloclink  [28, 8, 0]
		alloclink  [29, 9, 0]
		alloclink  [30, 10, 0]
		alloclink  [31, 11, 0]
		alloclink  [32, 11, 1]
		alloclink  [33, 11, 2]
		alloclink  [34, 12, 0]
		alloclink  [35, 12, 1]
		alloclink  [36, 12, 2]
		alloclink  [37, 13, 0]
		alloclink  [38, 14, 0]
		alloclink  [39, 14, 1]
		alloclink  [40, 14, 2]
		unifylinks     [15, 25, 0]
		unifylinks     [16, 22, 0]
		unifylinks     [17, 19, 0]
		unifylinks     [18, 20, 0]
		unifylinks     [21, 23, 0]
		unifylinks     [24, 26, 0]
		unifylinks     [27, 38, 0]
		unifylinks     [28, 34, 0]
		unifylinks     [29, 31, 0]
		unifylinks     [30, 32, 0]
		unifylinks     [33, 35, 0]
		unifylinks     [36, 39, 0]
		unifylinks     [37, 40, 0]
		enqueueatom    [14]
		enqueueatom    [13]
		enqueueatom    [12]
		enqueueatom    [11]
		enqueueatom    [10]
		enqueueatom    [7]
		enqueueatom    [6]
		enqueueatom    [5]
		enqueueatom    [4]
		proceed        []

Compiled Ruleset @601  
Compiled Rule 
	--atommatch:
		spec           [2, 7]
		branch         [[
                  spec           [2, 3]
                  func           [1, 'append'_3]
                  testmem        [0, 1]
                  deref       [2, 1, 0, 0]
                  func           [2, 'n'_1]
                  jump           [L120, [0], [1, 2], []] ]]
		branch         [[
                  spec           [2, 3]
                  func           [1, 'n'_1]
                  testmem        [0, 1]
                  deref       [2, 1, 0, 0]
                  func           [2, 'append'_3]
                  jump           [L120, [0], [2, 1], []] ]]
	--memmatch:
		spec           [1, 3]
		findatom    [1, 0, 'append'_3]
		deref       [2, 1, 0, 0]
		func           [2, 'n'_1]
		jump           [L120, [0], [1, 2], []]
	--guard:L120:
		spec           [3, 3]
		jump           [L103, [0], [1, 2], []]
	--body:L103:
		spec           [3, 3]
		commit         [null, 0]
		dequeueatom    [1]
		dequeueatom    [2]
		removeatom     [1, 0, 'append'_3]
		removeatom     [2, 0, 'n'_1]
		unify          [1, 1, 1, 2, 0]
		freeatom       [1]
		freeatom       [2]
		proceed        []

Compiled Rule 
	--atommatch:
		spec           [2, 9]
		branch         [[
                  spec           [2, 3]
                  func           [1, 'append'_3]
                  testmem        [0, 1]
                  deref       [2, 1, 0, 2]
                  func           [2, 'c'_3]
                  jump           [L157, [0], [1, 2], []] ]]
		branch         [[
                  spec           [2, 3]
                  func           [1, 'c'_3]
                  testmem        [0, 1]
                  deref       [2, 1, 2, 0]
                  func           [2, 'append'_3]
                  jump           [L157, [0], [2, 1], []] ]]
	--memmatch:
		spec           [1, 3]
		findatom    [1, 0, 'append'_3]
		deref       [2, 1, 0, 2]
		func           [2, 'c'_3]
		jump           [L157, [0], [1, 2], []]
	--guard:L157:
		spec           [3, 3]
		jump           [L140, [0], [1, 2], []]
	--body:L140:
		spec           [3, 5]
		commit         [null, 0]
		dequeueatom    [1]
		dequeueatom    [2]
		removeatom     [1, 0, 'append'_3]
		removeatom     [2, 0, 'c'_3]
		newatom     [3, 0, 'c'_3]
		newatom     [4, 0, 'append'_3]
		relink         [3, 0, 2, 0, 0]
		newlink        [3, 1, 4, 2, 0]
		relink         [3, 2, 1, 2, 0]
		relink         [4, 0, 2, 1, 0]
		relink         [4, 1, 1, 1, 0]
		enqueueatom    [4]
		enqueueatom    [3]
		freeatom       [1]
		freeatom       [2]
		proceed        []

Inline
